2025-03-25T11:53:23.320+04:00  INFO 57340 --- [strategy] [main] com.spsa.strategy.SPSAApplication        : Starting SPSAApplication using Java 17.0.9 with PID 57340 (C:\Users\Toufic.Sleiman\Desktop\ts_deployment\eclipse_workspace\strategy_workspace\strategy\target\classes started by Toufic.Sleiman in C:\Users\Toufic.Sleiman\Desktop\ts_deployment\eclipse_workspace\strategy_workspace\strategy)
2025-03-25T11:53:23.329+04:00  INFO 57340 --- [strategy] [main] com.spsa.strategy.SPSAApplication        : No active profile set, falling back to 1 default profile: "default"
2025-03-25T11:53:26.228+04:00  INFO 57340 --- [strategy] [main] .s.d.r.c.RepositoryConfigurationDelegate : Bootstrapping Spring Data JPA repositories in DEFAULT mode.
2025-03-25T11:53:26.433+04:00  INFO 57340 --- [strategy] [main] .s.d.r.c.RepositoryConfigurationDelegate : Finished Spring Data repository scanning in 187 ms. Found 12 JPA repository interfaces.
2025-03-25T11:53:28.377+04:00  INFO 57340 --- [strategy] [main] o.s.b.w.embedded.tomcat.TomcatWebServer  : Tomcat initialized with port 8084 (http)
2025-03-25T11:53:28.404+04:00  INFO 57340 --- [strategy] [main] o.apache.catalina.core.StandardService   : Starting service [Tomcat]
2025-03-25T11:53:28.405+04:00  INFO 57340 --- [strategy] [main] o.apache.catalina.core.StandardEngine    : Starting Servlet engine: [Apache Tomcat/10.1.18]
2025-03-25T11:53:28.723+04:00  INFO 57340 --- [strategy] [main] o.a.c.c.C.[Tomcat].[localhost].[/]       : Initializing Spring embedded WebApplicationContext
2025-03-25T11:53:28.725+04:00  INFO 57340 --- [strategy] [main] w.s.c.ServletWebServerApplicationContext : Root WebApplicationContext: initialization completed in 5275 ms
2025-03-25T11:53:29.034+04:00  INFO 57340 --- [strategy] [main] o.hibernate.jpa.internal.util.LogHelper  : HHH000204: Processing PersistenceUnitInfo [name: default]
2025-03-25T11:53:29.209+04:00  INFO 57340 --- [strategy] [main] org.hibernate.Version                    : HHH000412: Hibernate ORM core version 6.4.1.Final
2025-03-25T11:53:29.312+04:00  INFO 57340 --- [strategy] [main] o.h.c.internal.RegionFactoryInitiator    : HHH000026: Second-level cache disabled
2025-03-25T11:53:29.939+04:00  INFO 57340 --- [strategy] [main] o.s.o.j.p.SpringPersistenceUnitInfo      : No LoadTimeWeaver setup: ignoring JPA class transformer
2025-03-25T11:53:30.033+04:00  INFO 57340 --- [strategy] [main] com.zaxxer.hikari.HikariDataSource       : HikariPool-1 - Starting...
2025-03-25T11:53:30.047+04:00  WARN 57340 --- [strategy] [main] c.zaxxer.hikari.util.DriverDataSource    : Registered driver with driverClassName=com.mysql.jdbc.Driver was not found, trying direct instantiation.
2025-03-25T11:53:30.747+04:00  INFO 57340 --- [strategy] [main] com.zaxxer.hikari.pool.HikariPool        : HikariPool-1 - Added connection com.mysql.cj.jdbc.ConnectionImpl@45311a99
2025-03-25T11:53:30.754+04:00  INFO 57340 --- [strategy] [main] com.zaxxer.hikari.HikariDataSource       : HikariPool-1 - Start completed.
2025-03-25T11:53:31.741+04:00  WARN 57340 --- [strategy] [main] org.hibernate.mapping.RootClass          : HHH000038: Composite-id class does not override equals(): com.spsa.strategy.model.Restrictedgoalsuserlevel
2025-03-25T11:53:31.742+04:00  WARN 57340 --- [strategy] [main] org.hibernate.mapping.RootClass          : HHH000039: Composite-id class does not override hashCode(): com.spsa.strategy.model.Restrictedgoalsuserlevel
2025-03-25T11:53:33.005+04:00  INFO 57340 --- [strategy] [main] o.h.e.t.j.p.i.JtaPlatformInitiator       : HHH000489: No JTA platform available (set 'hibernate.transaction.jta.platform' to enable JTA platform integration)
2025-03-25T11:53:33.195+04:00  INFO 57340 --- [strategy] [main] j.LocalContainerEntityManagerFactoryBean : Initialized JPA EntityManagerFactory for persistence unit 'default'
2025-03-25T11:53:34.339+04:00  INFO 57340 --- [strategy] [main] o.s.d.j.r.query.QueryEnhancerFactory     : Hibernate is in classpath; If applicable, HQL parser will be used.
2025-03-25T11:53:35.599+04:00  WARN 57340 --- [strategy] [main] JpaBaseConfiguration$JpaWebConfiguration : spring.jpa.open-in-view is enabled by default. Therefore, database queries may be performed during view rendering. Explicitly configure spring.jpa.open-in-view to disable this warning
2025-03-25T11:53:35.750+04:00  WARN 57340 --- [strategy] [main] .s.s.UserDetailsServiceAutoConfiguration : 

Using generated security password: 19139523-a0a7-461c-abb8-f1b7b610613d

This generated password is for development use only. Your security configuration must be updated before running your application in production.

2025-03-25T11:53:36.403+04:00  INFO 57340 --- [strategy] [main] o.s.s.web.DefaultSecurityFilterChain     : Will secure any request with [org.springframework.security.web.session.DisableEncodeUrlFilter@604125bd, org.springframework.security.web.context.request.async.WebAsyncManagerIntegrationFilter@39a4bd89, org.springframework.security.web.context.SecurityContextHolderFilter@1d0c7a03, org.springframework.security.web.header.HeaderWriterFilter@4cf2bf26, org.springframework.web.filter.CorsFilter@13e4a4a0, org.springframework.security.web.authentication.logout.LogoutFilter@7ce78666, org.springframework.security.web.savedrequest.RequestCacheAwareFilter@481f2acb, org.springframework.security.web.servletapi.SecurityContextHolderAwareRequestFilter@2a201aa9, org.springframework.security.web.authentication.AnonymousAuthenticationFilter@59f41bcf, org.springframework.security.web.access.ExceptionTranslationFilter@63b187f, org.springframework.security.web.access.intercept.AuthorizationFilter@470dbce9]
2025-03-25T11:53:37.117+04:00  INFO 57340 --- [strategy] [main] o.s.b.w.embedded.tomcat.TomcatWebServer  : Tomcat started on port 8084 (http) with context path ''
2025-03-25T11:53:37.135+04:00  INFO 57340 --- [strategy] [main] com.spsa.strategy.SPSAApplication        : Started SPSAApplication in 14.857 seconds (process running for 16.809)
